app/build/intermediates/manifest_merge_blame_file/release/manifest-merger-blame-release-report.txt
1<?xml version="1.0" encoding="utf-8"?>
2<manifest xmlns:android="http://schemas.android.com/apk/res/android"
3    package="id.segitiga.radio"
4    android:versionCode="1"
5    android:versionName="1.1" >
6
7    <uses-sdk
8        android:minSdkVersion="17"
8-->src\main\AndroidManifest.xml
9        android:targetSdkVersion="28" />
9-->src\main\AndroidManifest.xml
10
11    <uses-permission android:name="android.permission.INTERNET" />
11-->src\main\AndroidManifest.xml:6:5-66
11-->src\main\AndroidManifest.xml:6:22-64
12    <uses-permission android:name="android.permission.ACCESS_NETWORK_STATE" />
12-->src\main\AndroidManifest.xml:7:5-78
12-->src\main\AndroidManifest.xml:7:22-76
13    <uses-permission android:name="android.permission.FOREGROUND_SERVICE" />
13-->src\main\AndroidManifest.xml:8:5-76
13-->src\main\AndroidManifest.xml:8:22-74
14    <uses-permission android:name="android.permission.WRITE_EXTERNAL_STORAGE" />
14-->src\main\AndroidManifest.xml:9:5-80
14-->src\main\AndroidManifest.xml:9:22-78
15
16    <uses-feature
16-->src\main\AndroidManifest.xml:11:5-13:36
17        android:glEsVersion="0x00020000"
17-->src\main\AndroidManifest.xml:12:9-41
18        android:required="false" />
18-->src\main\AndroidManifest.xml:13:9-33
19
20    <!-- Required by older versions of Google Play services to create GCM registration tokens -->
21    <uses-permission android:name="com.google.android.c2dm.permission.RECEIVE" />
21-->[com.google.android.gms:play-services-gcm:17.0.0] AndroidManifest.xml:23:5-82
21-->[com.google.android.gms:play-services-gcm:17.0.0] AndroidManifest.xml:23:22-79
22    <uses-permission android:name="android.permission.WAKE_LOCK" />
22-->[com.google.android.gms:play-services-measurement:17.2.0] AndroidManifest.xml:25:5-68
22-->[com.google.android.gms:play-services-measurement:17.2.0] AndroidManifest.xml:25:22-65
23    <uses-permission android:name="com.google.android.finsky.permission.BIND_GET_INSTALL_REFERRER_SERVICE" />
23-->[com.google.android.gms:play-services-measurement:17.2.0] AndroidManifest.xml:26:5-110
23-->[com.google.android.gms:play-services-measurement:17.2.0] AndroidManifest.xml:26:22-107
24
25    <application
25-->src\main\AndroidManifest.xml:15:5-128:19
26        android:name="com.segitiga.radio.XRadioApplication"
26-->src\main\AndroidManifest.xml:16:9-60
27        android:allowBackup="true"
27-->src\main\AndroidManifest.xml:17:9-35
28        android:appComponentFactory="androidx.core.app.CoreComponentFactory"
28-->[androidx.core:core:1.1.0] AndroidManifest.xml:24:18-86
29        android:hardwareAccelerated="true"
29-->src\main\AndroidManifest.xml:18:9-43
30        android:icon="@mipmap/ic_launcher"
30-->src\main\AndroidManifest.xml:21:9-43
31        android:label="@string/app_name"
31-->src\main\AndroidManifest.xml:23:9-41
32        android:roundIcon="@mipmap/ic_launcher_round"
32-->src\main\AndroidManifest.xml:22:9-54
33        android:supportsRtl="true"
33-->src\main\AndroidManifest.xml:19:9-35
34        android:theme="@style/AppThemeFull"
34-->src\main\AndroidManifest.xml:24:9-44
35        android:usesCleartextTraffic="true" >
35-->src\main\AndroidManifest.xml:20:9-44
36        <activity
36-->src\main\AndroidManifest.xml:25:9-35:20
37            android:name="com.segitiga.radio.XRadioSplashActivity"
37-->src\main\AndroidManifest.xml:26:13-67
38            android:configChanges="touchscreen|keyboard|keyboardHidden|navigation|orientation|screenLayout|uiMode|screenSize|smallestScreenSize"
38-->src\main\AndroidManifest.xml:27:13-145
39            android:label="@string/app_name"
39-->src\main\AndroidManifest.xml:28:13-45
40            android:screenOrientation="portrait" >
40-->src\main\AndroidManifest.xml:29:13-49
41            <intent-filter>
41-->src\main\AndroidManifest.xml:30:13-34:29
42                <action android:name="android.intent.action.MAIN" />
42-->src\main\AndroidManifest.xml:31:17-68
42-->src\main\AndroidManifest.xml:31:25-66
43
44                <category android:name="android.intent.category.LAUNCHER" />
44-->src\main\AndroidManifest.xml:33:17-76
44-->src\main\AndroidManifest.xml:33:27-74
45            </intent-filter>
46        </activity>
47        <activity
47-->src\main\AndroidManifest.xml:37:9-44:20
48            android:name="com.segitiga.radio.XMultiRadioMainActivity"
48-->src\main\AndroidManifest.xml:38:13-70
49            android:configChanges="touchscreen|keyboard|keyboardHidden|navigation|orientation|screenLayout|uiMode|screenSize|smallestScreenSize"
49-->src\main\AndroidManifest.xml:39:13-145
50            android:label="@string/app_name"
50-->src\main\AndroidManifest.xml:40:13-45
51            android:launchMode="singleTop"
51-->src\main\AndroidManifest.xml:42:13-43
52            android:screenOrientation="portrait"
52-->src\main\AndroidManifest.xml:43:13-49
53            android:windowSoftInputMode="adjustPan|adjustResize" >
53-->src\main\AndroidManifest.xml:41:13-65
54        </activity>
55        <activity
55-->src\main\AndroidManifest.xml:45:9-52:20
56            android:name="com.segitiga.radio.XSingleRadioMainActivity"
56-->src\main\AndroidManifest.xml:46:13-71
57            android:configChanges="touchscreen|keyboard|keyboardHidden|navigation|orientation|screenLayout|uiMode|screenSize|smallestScreenSize"
57-->src\main\AndroidManifest.xml:47:13-145
58            android:label="@string/app_name"
58-->src\main\AndroidManifest.xml:48:13-45
59            android:launchMode="singleTop"
59-->src\main\AndroidManifest.xml:50:13-43
60            android:screenOrientation="portrait"
60-->src\main\AndroidManifest.xml:51:13-49
61            android:windowSoftInputMode="adjustPan|adjustResize" >
61-->src\main\AndroidManifest.xml:49:13-65
62        </activity>
63        <activity
63-->src\main\AndroidManifest.xml:54:9-60:20
64            android:name="com.segitiga.radio.XRadioShowUrlActivity"
64-->src\main\AndroidManifest.xml:55:13-68
65            android:configChanges="touchscreen|keyboard|keyboardHidden|navigation|orientation|screenLayout|uiMode|screenSize|smallestScreenSize"
65-->src\main\AndroidManifest.xml:56:13-145
66            android:label="@string/app_name"
66-->src\main\AndroidManifest.xml:57:13-45
67            android:screenOrientation="portrait" >
67-->src\main\AndroidManifest.xml:58:13-49
68        </activity>
69        <activity
69-->src\main\AndroidManifest.xml:61:9-67:20
70            android:name="com.segitiga.radio.XRadioGrantActivity"
70-->src\main\AndroidManifest.xml:62:13-66
71            android:configChanges="touchscreen|keyboard|keyboardHidden|navigation|orientation|screenLayout|uiMode|screenSize|smallestScreenSize"
71-->src\main\AndroidManifest.xml:63:13-145
72            android:label="@string/app_name"
72-->src\main\AndroidManifest.xml:64:13-45
73            android:screenOrientation="portrait" >
73-->src\main\AndroidManifest.xml:65:13-49
74        </activity>
75
76        <service
76-->src\main\AndroidManifest.xml:69:9-72:19
77            android:name="com.segitiga.radio.stream.service.YPYStreamService"
77-->src\main\AndroidManifest.xml:70:13-78
78            android:exported="false" >
78-->src\main\AndroidManifest.xml:71:13-37
79        </service>
80
81        <receiver android:name="com.segitiga.radio.stream.service.YPYIntentReceiver" >
81-->src\main\AndroidManifest.xml:74:9-81:20
81-->src\main\AndroidManifest.xml:74:19-85
82            <intent-filter>
82-->src\main\AndroidManifest.xml:75:13-77:29
83                <action android:name="android.media.AUDIO_BECOMING_NOISY" />
83-->src\main\AndroidManifest.xml:76:17-76
83-->src\main\AndroidManifest.xml:76:25-74
84            </intent-filter>
85            <intent-filter>
85-->src\main\AndroidManifest.xml:78:13-80:29
86                <action android:name="android.intent.action.MEDIA_BUTTON" />
86-->src\main\AndroidManifest.xml:79:17-76
86-->src\main\AndroidManifest.xml:79:25-74
87            </intent-filter>
88        </receiver>
89
90        <!-- Firebase Notification -->
91
92        <meta-data
93            android:name="com.google.firebase.messaging.default_notification_channel_id"
93-->src\main\AndroidManifest.xml:86:13-89
94            android:value="id.segitiga.radio.N3" />
94-->src\main\AndroidManifest.xml:87:13-48
95
96        <service android:name="com.segitiga.radio.firebasemsg.XRadioFBMessagingService" >
96-->src\main\AndroidManifest.xml:89:9-94:19
96-->src\main\AndroidManifest.xml:90:13-83
97            <intent-filter>
97-->src\main\AndroidManifest.xml:91:13-93:29
98                <action android:name="com.google.firebase.MESSAGING_EVENT" />
98-->src\main\AndroidManifest.xml:92:17-77
98-->src\main\AndroidManifest.xml:92:25-75
99            </intent-filter>
100        </service>
101
102        <!--
103        Set custom default icon. This is used when no icon is set for incoming notification messages.
104        See README(https://goo.gl/l4GJaQ) for more.
105        -->
106        <meta-data
106-->src\main\AndroidManifest.xml:98:9-100:64
107            android:name="com.google.firebase.messaging.default_notification_icon"
107-->src\main\AndroidManifest.xml:99:13-83
108            android:resource="@drawable/ic_notification_24dp" />
108-->src\main\AndroidManifest.xml:100:13-62
109
110        <!--
111             Set color used with incoming notification messages. This is used when no color is set for the incoming
112             notification message. See README(https://goo.gl/6BKBk7) for more.
113        -->
114        <meta-data
114-->src\main\AndroidManifest.xml:104:9-106:53
115            android:name="com.google.firebase.messaging.default_notification_color"
115-->src\main\AndroidManifest.xml:105:13-84
116            android:resource="@color/colorPrimary" />
116-->src\main\AndroidManifest.xml:106:13-51
117        <meta-data
117-->src\main\AndroidManifest.xml:108:9-109:42
118            android:name="firebase_messaging_auto_init_enabled"
118-->src\main\AndroidManifest.xml:108:20-71
119            android:value="true" />
119-->src\main\AndroidManifest.xml:109:20-40
120        <meta-data
120-->src\main\AndroidManifest.xml:110:9-111:42
121            android:name="firebase_analytics_collection_enabled"
121-->src\main\AndroidManifest.xml:110:20-72
122            android:value="true" />
122-->src\main\AndroidManifest.xml:111:20-40
123
124        <service
124-->src\main\AndroidManifest.xml:114:9-120:19
125            android:name="com.segitiga.radio.firebasemsg.XRadioJobService"
125-->src\main\AndroidManifest.xml:116:13-75
126            android:exported="false" >
126-->src\main\AndroidManifest.xml:115:13-37
127            <intent-filter>
127-->src\main\AndroidManifest.xml:117:13-119:29
128                <action android:name="com.firebase.jobdispatcher.ACTION_EXECUTE" />
128-->src\main\AndroidManifest.xml:118:17-83
128-->src\main\AndroidManifest.xml:118:25-81
129            </intent-filter>
130        </service>
131
132        <meta-data
132-->src\main\AndroidManifest.xml:122:9-124:35
133            android:name="com.google.android.gms.ads.AD_MANAGER_APP"
133-->src\main\AndroidManifest.xml:123:13-69
134            android:value="true" />
134-->src\main\AndroidManifest.xml:124:13-33
135
136        <uses-library
136-->src\main\AndroidManifest.xml:126:9-87
137            android:name="org.apache.http.legacy"
137-->src\main\AndroidManifest.xml:126:23-60
138            android:required="false" />
138-->src\main\AndroidManifest.xml:126:61-85
139
140        <!--
141             FirebaseMessagingService performs security checks at runtime,
142             but set to not exported to explicitly avoid allowing another app to call it.
143        -->
144        <service
144-->[com.google.firebase:firebase-messaging:20.0.0] AndroidManifest.xml:28:9-34:19
145            android:name="com.google.firebase.messaging.FirebaseMessagingService"
145-->[com.google.firebase:firebase-messaging:20.0.0] AndroidManifest.xml:29:13-82
146            android:exported="false" >
146-->[com.google.firebase:firebase-messaging:20.0.0] AndroidManifest.xml:30:13-37
147            <intent-filter android:priority="-500" >
147-->src\main\AndroidManifest.xml:91:13-93:29
148                <action android:name="com.google.firebase.MESSAGING_EVENT" />
148-->src\main\AndroidManifest.xml:92:17-77
148-->src\main\AndroidManifest.xml:92:25-75
149            </intent-filter>
150        </service>
151        <!--
152             Receives GooglePlay execution requests and forwards them to the
153             appropriate internal service.
154        -->
155        <service
155-->[com.firebase:firebase-jobdispatcher:0.8.5] AndroidManifest.xml:32:9-39:19
156            android:name="com.firebase.jobdispatcher.GooglePlayReceiver"
156-->[com.firebase:firebase-jobdispatcher:0.8.5] AndroidManifest.xml:33:13-73
157            android:exported="true"
157-->[com.firebase:firebase-jobdispatcher:0.8.5] AndroidManifest.xml:34:13-36
158            android:permission="com.google.android.gms.permission.BIND_NETWORK_TASK_SERVICE" >
158-->[com.firebase:firebase-jobdispatcher:0.8.5] AndroidManifest.xml:35:13-93
159            <intent-filter>
159-->[com.firebase:firebase-jobdispatcher:0.8.5] AndroidManifest.xml:36:13-38:29
160                <action android:name="com.google.android.gms.gcm.ACTION_TASK_READY" />
160-->[com.firebase:firebase-jobdispatcher:0.8.5] AndroidManifest.xml:37:17-87
160-->[com.firebase:firebase-jobdispatcher:0.8.5] AndroidManifest.xml:37:25-84
161            </intent-filter>
162        </service>
163
164        <activity
164-->[com.facebook.android:audience-network-sdk:5.5.0] AndroidManifest.xml:15:9-19:75
165            android:name="com.facebook.ads.AudienceNetworkActivity"
165-->[com.facebook.android:audience-network-sdk:5.5.0] AndroidManifest.xml:16:13-68
166            android:configChanges="keyboardHidden|orientation|screenSize"
166-->[com.facebook.android:audience-network-sdk:5.5.0] AndroidManifest.xml:17:13-74
167            android:exported="false"
167-->[com.facebook.android:audience-network-sdk:5.5.0] AndroidManifest.xml:18:13-37
168            android:theme="@android:style/Theme.Translucent.NoTitleBar" />
168-->[com.facebook.android:audience-network-sdk:5.5.0] AndroidManifest.xml:19:13-72
169        <activity
169-->[com.facebook.android:audience-network-sdk:5.5.0] AndroidManifest.xml:20:9-25:75
170            android:name="com.facebook.ads.internal.ipc.RemoteANActivity"
170-->[com.facebook.android:audience-network-sdk:5.5.0] AndroidManifest.xml:21:13-74
171            android:configChanges="keyboardHidden|orientation|screenSize"
171-->[com.facebook.android:audience-network-sdk:5.5.0] AndroidManifest.xml:22:13-74
172            android:exported="false"
172-->[com.facebook.android:audience-network-sdk:5.5.0] AndroidManifest.xml:23:13-37
173            android:process=":adnw"
173-->[com.facebook.android:audience-network-sdk:5.5.0] AndroidManifest.xml:24:13-36
174            android:theme="@android:style/Theme.Translucent.NoTitleBar" />
174-->[com.facebook.android:audience-network-sdk:5.5.0] AndroidManifest.xml:25:13-72
175
176        <service
176-->[com.facebook.android:audience-network-sdk:5.5.0] AndroidManifest.xml:27:9-29:40
177            android:name="com.facebook.ads.internal.ipc.AdsProcessPriorityService"
177-->[com.facebook.android:audience-network-sdk:5.5.0] AndroidManifest.xml:28:13-83
178            android:exported="false" />
178-->[com.facebook.android:audience-network-sdk:5.5.0] AndroidManifest.xml:29:13-37
179        <service
179-->[com.facebook.android:audience-network-sdk:5.5.0] AndroidManifest.xml:30:9-33:39
180            android:name="com.facebook.ads.internal.ipc.AdsMessengerService"
180-->[com.facebook.android:audience-network-sdk:5.5.0] AndroidManifest.xml:31:13-77
181            android:exported="false"
181-->[com.facebook.android:audience-network-sdk:5.5.0] AndroidManifest.xml:32:13-37
182            android:process=":adnw" />
182-->[com.facebook.android:audience-network-sdk:5.5.0] AndroidManifest.xml:33:13-36
183
184        <provider
184-->[com.facebook.android:audience-network-sdk:5.5.0] AndroidManifest.xml:35:9-38:40
185            android:name="com.facebook.ads.AudienceNetworkContentProvider"
185-->[com.facebook.android:audience-network-sdk:5.5.0] AndroidManifest.xml:36:13-75
186            android:authorities="id.segitiga.radio.AudienceNetworkContentProvider"
186-->[com.facebook.android:audience-network-sdk:5.5.0] AndroidManifest.xml:37:13-82
187            android:exported="false" /> <!-- Include the AdActivity and InAppPurchaseActivity configChanges and themes. -->
187-->[com.facebook.android:audience-network-sdk:5.5.0] AndroidManifest.xml:38:13-37
188        <activity
188-->[com.google.android.gms:play-services-ads-lite:18.2.0] AndroidManifest.xml:29:9-33:64
189            android:name="com.google.android.gms.ads.AdActivity"
189-->[com.google.android.gms:play-services-ads-lite:18.2.0] AndroidManifest.xml:30:13-65
190            android:configChanges="keyboard|keyboardHidden|orientation|screenLayout|uiMode|screenSize|smallestScreenSize"
190-->[com.google.android.gms:play-services-ads-lite:18.2.0] AndroidManifest.xml:31:13-122
191            android:exported="false"
191-->[com.google.android.gms:play-services-ads-lite:18.2.0] AndroidManifest.xml:32:13-37
192            android:theme="@android:style/Theme.Translucent" />
192-->[com.google.android.gms:play-services-ads-lite:18.2.0] AndroidManifest.xml:33:13-61
193
194        <provider
194-->[com.google.android.gms:play-services-ads-lite:18.2.0] AndroidManifest.xml:35:9-39:39
195            android:name="com.google.android.gms.ads.MobileAdsInitProvider"
195-->[com.google.android.gms:play-services-ads-lite:18.2.0] AndroidManifest.xml:36:13-76
196            android:authorities="id.segitiga.radio.mobileadsinitprovider"
196-->[com.google.android.gms:play-services-ads-lite:18.2.0] AndroidManifest.xml:37:13-73
197            android:exported="false"
197-->[com.google.android.gms:play-services-ads-lite:18.2.0] AndroidManifest.xml:38:13-37
198            android:initOrder="100" />
198-->[com.google.android.gms:play-services-ads-lite:18.2.0] AndroidManifest.xml:39:13-36
199
200        <receiver
200-->[com.google.android.gms:play-services-measurement:17.2.0] AndroidManifest.xml:29:9-33:20
201            android:name="com.google.android.gms.measurement.AppMeasurementReceiver"
201-->[com.google.android.gms:play-services-measurement:17.2.0] AndroidManifest.xml:30:13-85
202            android:enabled="true"
202-->[com.google.android.gms:play-services-measurement:17.2.0] AndroidManifest.xml:31:13-35
203            android:exported="false" >
203-->[com.google.android.gms:play-services-measurement:17.2.0] AndroidManifest.xml:32:13-37
204        </receiver>
205        <receiver
205-->[com.google.android.gms:play-services-measurement:17.2.0] AndroidManifest.xml:34:9-42:20
206            android:name="com.google.android.gms.measurement.AppMeasurementInstallReferrerReceiver"
206-->[com.google.android.gms:play-services-measurement:17.2.0] AndroidManifest.xml:35:13-100
207            android:enabled="true"
207-->[com.google.android.gms:play-services-measurement:17.2.0] AndroidManifest.xml:36:13-35
208            android:exported="true"
208-->[com.google.android.gms:play-services-measurement:17.2.0] AndroidManifest.xml:37:13-36
209            android:permission="android.permission.INSTALL_PACKAGES" >
209-->[com.google.android.gms:play-services-measurement:17.2.0] AndroidManifest.xml:38:13-69
210            <intent-filter>
210-->[com.google.android.gms:play-services-measurement:17.2.0] AndroidManifest.xml:39:13-41:29
211                <action android:name="com.android.vending.INSTALL_REFERRER" />
211-->[com.google.android.gms:play-services-measurement:17.2.0] AndroidManifest.xml:40:17-79
211-->[com.google.android.gms:play-services-measurement:17.2.0] AndroidManifest.xml:40:25-76
212            </intent-filter>
213        </receiver>
214
215        <service
215-->[com.google.android.gms:play-services-measurement:17.2.0] AndroidManifest.xml:44:9-47:40
216            android:name="com.google.android.gms.measurement.AppMeasurementService"
216-->[com.google.android.gms:play-services-measurement:17.2.0] AndroidManifest.xml:45:13-84
217            android:enabled="true"
217-->[com.google.android.gms:play-services-measurement:17.2.0] AndroidManifest.xml:46:13-35
218            android:exported="false" />
218-->[com.google.android.gms:play-services-measurement:17.2.0] AndroidManifest.xml:47:13-37
219        <service
219-->[com.google.android.gms:play-services-measurement:17.2.0] AndroidManifest.xml:48:9-52:72
220            android:name="com.google.android.gms.measurement.AppMeasurementJobService"
220-->[com.google.android.gms:play-services-measurement:17.2.0] AndroidManifest.xml:49:13-87
221            android:enabled="true"
221-->[com.google.android.gms:play-services-measurement:17.2.0] AndroidManifest.xml:50:13-35
222            android:exported="false"
222-->[com.google.android.gms:play-services-measurement:17.2.0] AndroidManifest.xml:51:13-37
223            android:permission="android.permission.BIND_JOB_SERVICE" />
223-->[com.google.android.gms:play-services-measurement:17.2.0] AndroidManifest.xml:52:13-69
224        <service
224-->[com.google.android.gms:play-services-measurement-api:17.2.0] AndroidManifest.xml:27:9-33:19
225            android:name="com.google.firebase.components.ComponentDiscoveryService"
225-->[com.google.android.gms:play-services-measurement-api:17.2.0] AndroidManifest.xml:28:13-84
226            android:exported="false" >
226-->[com.google.android.gms:play-services-measurement-api:17.2.0] AndroidManifest.xml:29:13-37
227            <meta-data
227-->[com.google.android.gms:play-services-measurement-api:17.2.0] AndroidManifest.xml:30:13-32:85
228                android:name="com.google.firebase.components:com.google.firebase.analytics.connector.internal.AnalyticsConnectorRegistrar"
228-->[com.google.android.gms:play-services-measurement-api:17.2.0] AndroidManifest.xml:31:17-139
229                android:value="com.google.firebase.components.ComponentRegistrar" />
229-->[com.google.android.gms:play-services-measurement-api:17.2.0] AndroidManifest.xml:32:17-82
230            <meta-data
230-->[com.google.firebase:firebase-iid:20.0.0] AndroidManifest.xml:32:13-34:85
231                android:name="com.google.firebase.components:com.google.firebase.iid.Registrar"
231-->[com.google.firebase:firebase-iid:20.0.0] AndroidManifest.xml:33:17-96
232                android:value="com.google.firebase.components.ComponentRegistrar" />
232-->[com.google.firebase:firebase-iid:20.0.0] AndroidManifest.xml:34:17-82
233        </service>
234
235        <receiver
235-->[com.google.firebase:firebase-iid:20.0.0] AndroidManifest.xml:37:9-44:20
236            android:name="com.google.firebase.iid.FirebaseInstanceIdReceiver"
236-->[com.google.firebase:firebase-iid:20.0.0] AndroidManifest.xml:38:13-78
237            android:exported="true"
237-->[com.google.firebase:firebase-iid:20.0.0] AndroidManifest.xml:39:13-36
238            android:permission="com.google.android.c2dm.permission.SEND" >
238-->[com.google.firebase:firebase-iid:20.0.0] AndroidManifest.xml:40:13-73
239            <intent-filter>
239-->[com.google.firebase:firebase-iid:20.0.0] AndroidManifest.xml:41:13-43:29
240                <action android:name="com.google.android.c2dm.intent.RECEIVE" />
240-->[com.google.firebase:firebase-iid:20.0.0] AndroidManifest.xml:42:17-81
240-->[com.google.firebase:firebase-iid:20.0.0] AndroidManifest.xml:42:25-78
241            </intent-filter>
242        </receiver>
243
244        <activity
244-->[com.google.android.gms:play-services-base:17.0.0] AndroidManifest.xml:23:9-26:75
245            android:name="com.google.android.gms.common.api.GoogleApiActivity"
245-->[com.google.android.gms:play-services-base:17.0.0] AndroidManifest.xml:24:13-79
246            android:exported="false"
246-->[com.google.android.gms:play-services-base:17.0.0] AndroidManifest.xml:25:13-37
247            android:theme="@android:style/Theme.Translucent.NoTitleBar" />
247-->[com.google.android.gms:play-services-base:17.0.0] AndroidManifest.xml:26:13-72
248
249        <provider
249-->[com.google.firebase:firebase-common:19.0.0] AndroidManifest.xml:12:9-16:39
250            android:name="com.google.firebase.provider.FirebaseInitProvider"
250-->[com.google.firebase:firebase-common:19.0.0] AndroidManifest.xml:13:13-77
251            android:authorities="id.segitiga.radio.firebaseinitprovider"
251-->[com.google.firebase:firebase-common:19.0.0] AndroidManifest.xml:14:13-72
252            android:exported="false"
252-->[com.google.firebase:firebase-common:19.0.0] AndroidManifest.xml:15:13-37
253            android:initOrder="100" />
253-->[com.google.firebase:firebase-common:19.0.0] AndroidManifest.xml:16:13-36
254
255        <meta-data
255-->[com.google.android.gms:play-services-basement:17.0.0] AndroidManifest.xml:23:9-25:69
256            android:name="com.google.android.gms.version"
256-->[com.google.android.gms:play-services-basement:17.0.0] AndroidManifest.xml:24:13-58
257            android:value="@integer/google_play_services_version" />
257-->[com.google.android.gms:play-services-basement:17.0.0] AndroidManifest.xml:25:13-66
258    </application>
259
260</manifest>